(0.002) 
            SELECT name, type FROM sqlite_master
            WHERE type in ('table', 'view') AND NOT name='sqlite_sequence'
            ORDER BY name; args=None
(0.003) SELECT "django_migrations"."id", "django_migrations"."app", "django_migrations"."name", "django_migrations"."applied" FROM "django_migrations"; args=()
(0.001) SELECT "django_session"."session_key", "django_session"."session_data", "django_session"."expire_date" FROM "django_session" WHERE ("django_session"."expire_date" > '2022-10-02 04:32:28.218709' AND "django_session"."session_key" = 'fh4kuedh8plszle1nu2do0uzcij4ur54') LIMIT 21; args=('2022-10-02 04:32:28.218709', 'fh4kuedh8plszle1nu2do0uzcij4ur54')
(0.000) SELECT "auth_user"."id", "auth_user"."password", "auth_user"."last_login", "auth_user"."is_superuser", "auth_user"."username", "auth_user"."first_name", "auth_user"."last_name", "auth_user"."email", "auth_user"."is_staff", "auth_user"."is_active", "auth_user"."date_joined" FROM "auth_user" WHERE "auth_user"."id" = 14 LIMIT 21; args=(14,)
(0.000) BEGIN; args=None
(0.001) SELECT "django_content_type"."id", "django_content_type"."app_label", "django_content_type"."model" FROM "django_content_type" WHERE ("django_content_type"."app_label" = 'locate' AND "django_content_type"."model" = 'info') LIMIT 21; args=('locate', 'info')
(0.000) SELECT "locate_category"."id", "locate_category"."name" FROM "locate_category"; args=()
(0.001) SELECT "django_session"."session_key", "django_session"."session_data", "django_session"."expire_date" FROM "django_session" WHERE ("django_session"."expire_date" > '2022-10-02 04:32:28.412201' AND "django_session"."session_key" = 'fh4kuedh8plszle1nu2do0uzcij4ur54') LIMIT 21; args=('2022-10-02 04:32:28.412201', 'fh4kuedh8plszle1nu2do0uzcij4ur54')
(0.000) SELECT "auth_user"."id", "auth_user"."password", "auth_user"."last_login", "auth_user"."is_superuser", "auth_user"."username", "auth_user"."first_name", "auth_user"."last_name", "auth_user"."email", "auth_user"."is_staff", "auth_user"."is_active", "auth_user"."date_joined" FROM "auth_user" WHERE "auth_user"."id" = 14 LIMIT 21; args=(14,)
(0.001) SELECT "django_session"."session_key", "django_session"."session_data", "django_session"."expire_date" FROM "django_session" WHERE ("django_session"."expire_date" > '2022-10-02 04:36:03.119939' AND "django_session"."session_key" = 'fh4kuedh8plszle1nu2do0uzcij4ur54') LIMIT 21; args=('2022-10-02 04:36:03.119939', 'fh4kuedh8plszle1nu2do0uzcij4ur54')
(0.000) SELECT "auth_user"."id", "auth_user"."password", "auth_user"."last_login", "auth_user"."is_superuser", "auth_user"."username", "auth_user"."first_name", "auth_user"."last_name", "auth_user"."email", "auth_user"."is_staff", "auth_user"."is_active", "auth_user"."date_joined" FROM "auth_user" WHERE "auth_user"."id" = 14 LIMIT 21; args=(14,)
(0.000) BEGIN; args=None
(0.000) SELECT "locate_category"."id", "locate_category"."name" FROM "locate_category" WHERE "locate_category"."id" = 13 LIMIT 21; args=(13,)
(0.000) SELECT (1) AS "a" FROM "locate_category" WHERE "locate_category"."id" = 13 LIMIT 1; args=(13,)
(0.001) INSERT INTO "locate_info" ("category_id", "name", "image", "description", "operating_hours", "latitude", "longitude", "address", "email", "phone") VALUES (13, 'Kloth Bin Shell Station Lebuhraya Menjalara', 'kloth_MorspUo.jpg', 'https://kloth.com.my/', 'Open 24 Hours', '3.195837', '101.630849', 'Lot 44666 Lebuhraya Menjalara 52100 Kuala Lumpur', 'ask@kloth.com.my', 'N/A'); args=[13, 'Kloth Bin Shell Station Lebuhraya Menjalara', 'kloth_MorspUo.jpg', 'https://kloth.com.my/', 'Open 24 Hours', '3.195837', '101.630849', 'Lot 44666 Lebuhraya Menjalara 52100 Kuala Lumpur', 'ask@kloth.com.my', 'N/A']
(0.000) INSERT INTO "django_admin_log" ("action_time", "user_id", "content_type_id", "object_id", "object_repr", "action_flag", "change_message") VALUES ('2022-10-02 04:36:03.303920', 14, 15, '58', 'Kloth Bin Shell Station Lebuhraya Menjalara', 1, '[{"added": {}}]'); args=['2022-10-02 04:36:03.303920', 14, 15, '58', 'Kloth Bin Shell Station Lebuhraya Menjalara', 1, '[{"added": {}}]']
(0.000) SELECT "django_session"."session_key", "django_session"."session_data", "django_session"."expire_date" FROM "django_session" WHERE ("django_session"."expire_date" > '2022-10-02 04:36:03.322650' AND "django_session"."session_key" = 'fh4kuedh8plszle1nu2do0uzcij4ur54') LIMIT 21; args=('2022-10-02 04:36:03.322650', 'fh4kuedh8plszle1nu2do0uzcij4ur54')
(0.000) SELECT "auth_user"."id", "auth_user"."password", "auth_user"."last_login", "auth_user"."is_superuser", "auth_user"."username", "auth_user"."first_name", "auth_user"."last_name", "auth_user"."email", "auth_user"."is_staff", "auth_user"."is_active", "auth_user"."date_joined" FROM "auth_user" WHERE "auth_user"."id" = 14 LIMIT 21; args=(14,)
(0.000) SELECT COUNT(*) AS "__count" FROM "locate_info"; args=()
(0.000) SELECT COUNT(*) AS "__count" FROM "locate_info"; args=()
(0.000) SELECT "locate_info"."id", "locate_info"."category_id", "locate_info"."name", "locate_info"."image", "locate_info"."description", "locate_info"."operating_hours", "locate_info"."latitude", "locate_info"."longitude", "locate_info"."address", "locate_info"."email", "locate_info"."phone" FROM "locate_info" ORDER BY "locate_info"."id" DESC; args=()
(0.001) SELECT "django_session"."session_key", "django_session"."session_data", "django_session"."expire_date" FROM "django_session" WHERE ("django_session"."expire_date" > '2022-10-02 04:36:03.589473' AND "django_session"."session_key" = 'fh4kuedh8plszle1nu2do0uzcij4ur54') LIMIT 21; args=('2022-10-02 04:36:03.589473', 'fh4kuedh8plszle1nu2do0uzcij4ur54')
(0.000) SELECT "auth_user"."id", "auth_user"."password", "auth_user"."last_login", "auth_user"."is_superuser", "auth_user"."username", "auth_user"."first_name", "auth_user"."last_name", "auth_user"."email", "auth_user"."is_staff", "auth_user"."is_active", "auth_user"."date_joined" FROM "auth_user" WHERE "auth_user"."id" = 14 LIMIT 21; args=(14,)
(0.001) SELECT "django_session"."session_key", "django_session"."session_data", "django_session"."expire_date" FROM "django_session" WHERE ("django_session"."expire_date" > '2022-10-02 04:36:53.874023' AND "django_session"."session_key" = 'fh4kuedh8plszle1nu2do0uzcij4ur54') LIMIT 21; args=('2022-10-02 04:36:53.874023', 'fh4kuedh8plszle1nu2do0uzcij4ur54')
(0.000) SELECT "auth_user"."id", "auth_user"."password", "auth_user"."last_login", "auth_user"."is_superuser", "auth_user"."username", "auth_user"."first_name", "auth_user"."last_name", "auth_user"."email", "auth_user"."is_staff", "auth_user"."is_active", "auth_user"."date_joined" FROM "auth_user" WHERE "auth_user"."id" = 14 LIMIT 21; args=(14,)
(0.000) SELECT COUNT(*) AS "__count" FROM "locate_info"; args=()
(0.000) SELECT COUNT(*) AS "__count" FROM "locate_info"; args=()
(0.000) SELECT "locate_info"."id", "locate_info"."category_id", "locate_info"."name", "locate_info"."image", "locate_info"."description", "locate_info"."operating_hours", "locate_info"."latitude", "locate_info"."longitude", "locate_info"."address", "locate_info"."email", "locate_info"."phone" FROM "locate_info" ORDER BY "locate_info"."id" DESC; args=()
(0.000) SELECT "django_session"."session_key", "django_session"."session_data", "django_session"."expire_date" FROM "django_session" WHERE ("django_session"."expire_date" > '2022-10-02 04:36:54.069984' AND "django_session"."session_key" = 'fh4kuedh8plszle1nu2do0uzcij4ur54') LIMIT 21; args=('2022-10-02 04:36:54.069984', 'fh4kuedh8plszle1nu2do0uzcij4ur54')
(0.000) SELECT "auth_user"."id", "auth_user"."password", "auth_user"."last_login", "auth_user"."is_superuser", "auth_user"."username", "auth_user"."first_name", "auth_user"."last_name", "auth_user"."email", "auth_user"."is_staff", "auth_user"."is_active", "auth_user"."date_joined" FROM "auth_user" WHERE "auth_user"."id" = 14 LIMIT 21; args=(14,)
(0.001) SELECT "django_session"."session_key", "django_session"."session_data", "django_session"."expire_date" FROM "django_session" WHERE ("django_session"."expire_date" > '2022-10-02 04:36:55.739196' AND "django_session"."session_key" = 'fh4kuedh8plszle1nu2do0uzcij4ur54') LIMIT 21; args=('2022-10-02 04:36:55.739196', 'fh4kuedh8plszle1nu2do0uzcij4ur54')
(0.001) SELECT "auth_user"."id", "auth_user"."password", "auth_user"."last_login", "auth_user"."is_superuser", "auth_user"."username", "auth_user"."first_name", "auth_user"."last_name", "auth_user"."email", "auth_user"."is_staff", "auth_user"."is_active", "auth_user"."date_joined" FROM "auth_user" WHERE "auth_user"."id" = 14 LIMIT 21; args=(14,)
(0.001) SELECT "locate_info"."id", "locate_info"."category_id", "locate_info"."name", "locate_info"."image", "locate_info"."description", "locate_info"."operating_hours", "locate_info"."latitude", "locate_info"."longitude", "locate_info"."address", "locate_info"."email", "locate_info"."phone" FROM "locate_info" LIMIT 21; args=()
(0.000) SELECT "django_session"."session_key", "django_session"."session_data", "django_session"."expire_date" FROM "django_session" WHERE ("django_session"."expire_date" > '2022-10-02 04:36:56.832075' AND "django_session"."session_key" = 'fh4kuedh8plszle1nu2do0uzcij4ur54') LIMIT 21; args=('2022-10-02 04:36:56.832075', 'fh4kuedh8plszle1nu2do0uzcij4ur54')
(0.000) SELECT "auth_user"."id", "auth_user"."password", "auth_user"."last_login", "auth_user"."is_superuser", "auth_user"."username", "auth_user"."first_name", "auth_user"."last_name", "auth_user"."email", "auth_user"."is_staff", "auth_user"."is_active", "auth_user"."date_joined" FROM "auth_user" WHERE "auth_user"."id" = 14 LIMIT 21; args=(14,)
(0.000) SELECT "locate_category"."id", "locate_category"."name" FROM "locate_category"; args=()
(0.000) SELECT "locate_info"."id", "locate_info"."category_id", "locate_info"."name", "locate_info"."image", "locate_info"."description", "locate_info"."operating_hours", "locate_info"."latitude", "locate_info"."longitude", "locate_info"."address", "locate_info"."email", "locate_info"."phone" FROM "locate_info"; args=()
(0.001) SELECT "locate_info"."id", "locate_info"."category_id", "locate_info"."name", "locate_info"."image", "locate_info"."description", "locate_info"."operating_hours", "locate_info"."latitude", "locate_info"."longitude", "locate_info"."address", "locate_info"."email", "locate_info"."phone" FROM "locate_info" INNER JOIN "locate_category" ON ("locate_info"."category_id" = "locate_category"."id") WHERE "locate_category"."name" = 'Johor' LIMIT 21; args=('Johor',)
(0.001) SELECT "django_session"."session_key", "django_session"."session_data", "django_session"."expire_date" FROM "django_session" WHERE ("django_session"."expire_date" > '2022-10-02 04:37:01.801912' AND "django_session"."session_key" = 'fh4kuedh8plszle1nu2do0uzcij4ur54') LIMIT 21; args=('2022-10-02 04:37:01.801912', 'fh4kuedh8plszle1nu2do0uzcij4ur54')
(0.001) SELECT "auth_user"."id", "auth_user"."password", "auth_user"."last_login", "auth_user"."is_superuser", "auth_user"."username", "auth_user"."first_name", "auth_user"."last_name", "auth_user"."email", "auth_user"."is_staff", "auth_user"."is_active", "auth_user"."date_joined" FROM "auth_user" WHERE "auth_user"."id" = 14 LIMIT 21; args=(14,)
(0.000) SELECT "locate_category"."id", "locate_category"."name" FROM "locate_category"; args=()
(0.000) SELECT "locate_info"."id", "locate_info"."category_id", "locate_info"."name", "locate_info"."image", "locate_info"."description", "locate_info"."operating_hours", "locate_info"."latitude", "locate_info"."longitude", "locate_info"."address", "locate_info"."email", "locate_info"."phone" FROM "locate_info" INNER JOIN "locate_category" ON ("locate_info"."category_id" = "locate_category"."id") WHERE "locate_category"."name" = 'Johor'; args=('Johor',)
(0.000) SELECT "locate_info"."id", "locate_info"."category_id", "locate_info"."name", "locate_info"."image", "locate_info"."description", "locate_info"."operating_hours", "locate_info"."latitude", "locate_info"."longitude", "locate_info"."address", "locate_info"."email", "locate_info"."phone" FROM "locate_info" WHERE "locate_info"."id" = 2 LIMIT 21; args=(2,)
(0.000) SELECT "locate_info"."id", "locate_info"."category_id", "locate_info"."name", "locate_info"."image", "locate_info"."description", "locate_info"."operating_hours", "locate_info"."latitude", "locate_info"."longitude", "locate_info"."address", "locate_info"."email", "locate_info"."phone" FROM "locate_info" LIMIT 1; args=()
(0.000) SELECT "locate_info"."id", "locate_info"."category_id", "locate_info"."name", "locate_info"."image", "locate_info"."description", "locate_info"."operating_hours", "locate_info"."latitude", "locate_info"."longitude", "locate_info"."address", "locate_info"."email", "locate_info"."phone" FROM "locate_info" WHERE "locate_info"."name" = 'Kuru-Kuru' LIMIT 21; args=('Kuru-Kuru',)
(0.000) SELECT "django_session"."session_key", "django_session"."session_data", "django_session"."expire_date" FROM "django_session" WHERE ("django_session"."expire_date" > '2022-10-02 04:37:09.906479' AND "django_session"."session_key" = 'fh4kuedh8plszle1nu2do0uzcij4ur54') LIMIT 21; args=('2022-10-02 04:37:09.906479', 'fh4kuedh8plszle1nu2do0uzcij4ur54')
(0.000) SELECT "auth_user"."id", "auth_user"."password", "auth_user"."last_login", "auth_user"."is_superuser", "auth_user"."username", "auth_user"."first_name", "auth_user"."last_name", "auth_user"."email", "auth_user"."is_staff", "auth_user"."is_active", "auth_user"."date_joined" FROM "auth_user" WHERE "auth_user"."id" = 14 LIMIT 21; args=(14,)
(0.002) SELECT "locate_info"."id", "locate_info"."category_id", "locate_info"."name", "locate_info"."image", "locate_info"."description", "locate_info"."operating_hours", "locate_info"."latitude", "locate_info"."longitude", "locate_info"."address", "locate_info"."email", "locate_info"."phone" FROM "locate_info" LIMIT 21; args=()
(0.000) SELECT "django_session"."session_key", "django_session"."session_data", "django_session"."expire_date" FROM "django_session" WHERE ("django_session"."expire_date" > '2022-10-02 04:41:50.649697' AND "django_session"."session_key" = 'fh4kuedh8plszle1nu2do0uzcij4ur54') LIMIT 21; args=('2022-10-02 04:41:50.649697', 'fh4kuedh8plszle1nu2do0uzcij4ur54')
(0.000) SELECT "auth_user"."id", "auth_user"."password", "auth_user"."last_login", "auth_user"."is_superuser", "auth_user"."username", "auth_user"."first_name", "auth_user"."last_name", "auth_user"."email", "auth_user"."is_staff", "auth_user"."is_active", "auth_user"."date_joined" FROM "auth_user" WHERE "auth_user"."id" = 14 LIMIT 21; args=(14,)
(0.000) SELECT "locate_category"."id", "locate_category"."name" FROM "locate_category"; args=()
(0.000) SELECT "locate_info"."id", "locate_info"."category_id", "locate_info"."name", "locate_info"."image", "locate_info"."description", "locate_info"."operating_hours", "locate_info"."latitude", "locate_info"."longitude", "locate_info"."address", "locate_info"."email", "locate_info"."phone" FROM "locate_info"; args=()
(0.002) SELECT "django_session"."session_key", "django_session"."session_data", "django_session"."expire_date" FROM "django_session" WHERE ("django_session"."expire_date" > '2022-10-02 04:41:55.602977' AND "django_session"."session_key" = 'fh4kuedh8plszle1nu2do0uzcij4ur54') LIMIT 21; args=('2022-10-02 04:41:55.602977', 'fh4kuedh8plszle1nu2do0uzcij4ur54')
(0.000) SELECT "auth_user"."id", "auth_user"."password", "auth_user"."last_login", "auth_user"."is_superuser", "auth_user"."username", "auth_user"."first_name", "auth_user"."last_name", "auth_user"."email", "auth_user"."is_staff", "auth_user"."is_active", "auth_user"."date_joined" FROM "auth_user" WHERE "auth_user"."id" = 14 LIMIT 21; args=(14,)
(0.003) SELECT COUNT(*) AS "__count" FROM "opti_post"; args=()
(0.000) SELECT "django_session"."session_key", "django_session"."session_data", "django_session"."expire_date" FROM "django_session" WHERE ("django_session"."expire_date" > '2022-10-02 04:42:02.702342' AND "django_session"."session_key" = 'fh4kuedh8plszle1nu2do0uzcij4ur54') LIMIT 21; args=('2022-10-02 04:42:02.702342', 'fh4kuedh8plszle1nu2do0uzcij4ur54')
(0.000) SELECT "auth_user"."id", "auth_user"."password", "auth_user"."last_login", "auth_user"."is_superuser", "auth_user"."username", "auth_user"."first_name", "auth_user"."last_name", "auth_user"."email", "auth_user"."is_staff", "auth_user"."is_active", "auth_user"."date_joined" FROM "auth_user" WHERE "auth_user"."id" = 14 LIMIT 21; args=(14,)
(0.001) SELECT "opti_post"."id", "opti_post"."title", "opti_post"."content", "opti_post"."date_posted", "opti_post"."author_id", "opti_post"."video" FROM "opti_post" LIMIT 4; args=()
(0.000) SELECT "auth_user"."id", "auth_user"."password", "auth_user"."last_login", "auth_user"."is_superuser", "auth_user"."username", "auth_user"."first_name", "auth_user"."last_name", "auth_user"."email", "auth_user"."is_staff", "auth_user"."is_active", "auth_user"."date_joined" FROM "auth_user" WHERE "auth_user"."id" = 14 LIMIT 21; args=(14,)
(0.000) SELECT "auth_user"."id", "auth_user"."password", "auth_user"."last_login", "auth_user"."is_superuser", "auth_user"."username", "auth_user"."first_name", "auth_user"."last_name", "auth_user"."email", "auth_user"."is_staff", "auth_user"."is_active", "auth_user"."date_joined" FROM "auth_user" WHERE "auth_user"."id" = 14 LIMIT 21; args=(14,)
(0.000) SELECT "auth_user"."id", "auth_user"."password", "auth_user"."last_login", "auth_user"."is_superuser", "auth_user"."username", "auth_user"."first_name", "auth_user"."last_name", "auth_user"."email", "auth_user"."is_staff", "auth_user"."is_active", "auth_user"."date_joined" FROM "auth_user" WHERE "auth_user"."id" = 14 LIMIT 21; args=(14,)
(0.000) SELECT "auth_user"."id", "auth_user"."password", "auth_user"."last_login", "auth_user"."is_superuser", "auth_user"."username", "auth_user"."first_name", "auth_user"."last_name", "auth_user"."email", "auth_user"."is_staff", "auth_user"."is_active", "auth_user"."date_joined" FROM "auth_user" WHERE "auth_user"."id" = 14 LIMIT 21; args=(14,)
(0.001) SELECT "django_session"."session_key", "django_session"."session_data", "django_session"."expire_date" FROM "django_session" WHERE ("django_session"."expire_date" > '2022-10-02 04:42:14.835365' AND "django_session"."session_key" = 'fh4kuedh8plszle1nu2do0uzcij4ur54') LIMIT 21; args=('2022-10-02 04:42:14.835365', 'fh4kuedh8plszle1nu2do0uzcij4ur54')
(0.000) SELECT "auth_user"."id", "auth_user"."password", "auth_user"."last_login", "auth_user"."is_superuser", "auth_user"."username", "auth_user"."first_name", "auth_user"."last_name", "auth_user"."email", "auth_user"."is_staff", "auth_user"."is_active", "auth_user"."date_joined" FROM "auth_user" WHERE "auth_user"."id" = 14 LIMIT 21; args=(14,)
(0.001) SELECT "django_session"."session_key", "django_session"."session_data", "django_session"."expire_date" FROM "django_session" WHERE ("django_session"."expire_date" > '2022-10-02 04:42:18.272486' AND "django_session"."session_key" = 'fh4kuedh8plszle1nu2do0uzcij4ur54') LIMIT 21; args=('2022-10-02 04:42:18.272486', 'fh4kuedh8plszle1nu2do0uzcij4ur54')
(0.000) SELECT "auth_user"."id", "auth_user"."password", "auth_user"."last_login", "auth_user"."is_superuser", "auth_user"."username", "auth_user"."first_name", "auth_user"."last_name", "auth_user"."email", "auth_user"."is_staff", "auth_user"."is_active", "auth_user"."date_joined" FROM "auth_user" WHERE "auth_user"."id" = 14 LIMIT 21; args=(14,)
(0.001) SELECT "locate_type"."id", "locate_type"."name" FROM "locate_type"; args=()
(0.001) SELECT "locate_coupon"."id", "locate_coupon"."name", "locate_coupon"."coupon_type_id", "locate_coupon"."start", "locate_coupon"."end", "locate_coupon"."shop", "locate_coupon"."photo", "locate_coupon"."code", "locate_coupon"."quantity" FROM "locate_coupon"; args=()
(0.000) SELECT "locate_type"."id", "locate_type"."name" FROM "locate_type" WHERE "locate_type"."id" = 8 LIMIT 21; args=(8,)
(0.000) SELECT "locate_type"."id", "locate_type"."name" FROM "locate_type" WHERE "locate_type"."id" = 2 LIMIT 21; args=(2,)
(0.001) SELECT "django_session"."session_key", "django_session"."session_data", "django_session"."expire_date" FROM "django_session" WHERE ("django_session"."expire_date" > '2022-10-02 04:42:22.964081' AND "django_session"."session_key" = 'fh4kuedh8plszle1nu2do0uzcij4ur54') LIMIT 21; args=('2022-10-02 04:42:22.964081', 'fh4kuedh8plszle1nu2do0uzcij4ur54')
(0.000) SELECT "auth_user"."id", "auth_user"."password", "auth_user"."last_login", "auth_user"."is_superuser", "auth_user"."username", "auth_user"."first_name", "auth_user"."last_name", "auth_user"."email", "auth_user"."is_staff", "auth_user"."is_active", "auth_user"."date_joined" FROM "auth_user" WHERE "auth_user"."id" = 14 LIMIT 21; args=(14,)
(0.000) SELECT "locate_type"."id", "locate_type"."name" FROM "locate_type" WHERE "locate_type"."id" = 1 LIMIT 21; args=(1,)
(0.000) SELECT (1) AS "a" FROM "locate_type" WHERE "locate_type"."id" = 1 LIMIT 1; args=(1,)
(0.000) SELECT "locate_type"."id", "locate_type"."name" FROM "locate_type"; args=()
(0.001) SELECT "locate_coupon"."id", "locate_coupon"."name", "locate_coupon"."coupon_type_id", "locate_coupon"."start", "locate_coupon"."end", "locate_coupon"."shop", "locate_coupon"."photo", "locate_coupon"."code", "locate_coupon"."quantity" FROM "locate_coupon" WHERE ("locate_coupon"."coupon_type_id" = 1 AND "locate_coupon"."shop" LIKE '%%' ESCAPE '\'); args=(1, '%%')
(0.001) SELECT "django_session"."session_key", "django_session"."session_data", "django_session"."expire_date" FROM "django_session" WHERE ("django_session"."expire_date" > '2022-10-02 04:42:27.648989' AND "django_session"."session_key" = 'fh4kuedh8plszle1nu2do0uzcij4ur54') LIMIT 21; args=('2022-10-02 04:42:27.648989', 'fh4kuedh8plszle1nu2do0uzcij4ur54')
(0.000) SELECT "auth_user"."id", "auth_user"."password", "auth_user"."last_login", "auth_user"."is_superuser", "auth_user"."username", "auth_user"."first_name", "auth_user"."last_name", "auth_user"."email", "auth_user"."is_staff", "auth_user"."is_active", "auth_user"."date_joined" FROM "auth_user" WHERE "auth_user"."id" = 14 LIMIT 21; args=(14,)
(0.000) SELECT "locate_type"."id", "locate_type"."name" FROM "locate_type" WHERE "locate_type"."id" = 3 LIMIT 21; args=(3,)
(0.000) SELECT (1) AS "a" FROM "locate_type" WHERE "locate_type"."id" = 3 LIMIT 1; args=(3,)
(0.000) SELECT "locate_type"."id", "locate_type"."name" FROM "locate_type"; args=()
(0.000) SELECT "locate_coupon"."id", "locate_coupon"."name", "locate_coupon"."coupon_type_id", "locate_coupon"."start", "locate_coupon"."end", "locate_coupon"."shop", "locate_coupon"."photo", "locate_coupon"."code", "locate_coupon"."quantity" FROM "locate_coupon" WHERE ("locate_coupon"."coupon_type_id" = 3 AND "locate_coupon"."shop" LIKE '%%' ESCAPE '\'); args=(3, '%%')
(0.001) SELECT "django_session"."session_key", "django_session"."session_data", "django_session"."expire_date" FROM "django_session" WHERE ("django_session"."expire_date" > '2022-10-02 04:42:32.564427' AND "django_session"."session_key" = 'fh4kuedh8plszle1nu2do0uzcij4ur54') LIMIT 21; args=('2022-10-02 04:42:32.564427', 'fh4kuedh8plszle1nu2do0uzcij4ur54')
(0.000) SELECT "auth_user"."id", "auth_user"."password", "auth_user"."last_login", "auth_user"."is_superuser", "auth_user"."username", "auth_user"."first_name", "auth_user"."last_name", "auth_user"."email", "auth_user"."is_staff", "auth_user"."is_active", "auth_user"."date_joined" FROM "auth_user" WHERE "auth_user"."id" = 14 LIMIT 21; args=(14,)
(0.000) SELECT "locate_type"."id", "locate_type"."name" FROM "locate_type" WHERE "locate_type"."id" = 2 LIMIT 21; args=(2,)
(0.000) SELECT (1) AS "a" FROM "locate_type" WHERE "locate_type"."id" = 2 LIMIT 1; args=(2,)
(0.000) SELECT "locate_type"."id", "locate_type"."name" FROM "locate_type"; args=()
(0.000) SELECT "locate_coupon"."id", "locate_coupon"."name", "locate_coupon"."coupon_type_id", "locate_coupon"."start", "locate_coupon"."end", "locate_coupon"."shop", "locate_coupon"."photo", "locate_coupon"."code", "locate_coupon"."quantity" FROM "locate_coupon" WHERE ("locate_coupon"."coupon_type_id" = 2 AND "locate_coupon"."shop" LIKE '%%' ESCAPE '\'); args=(2, '%%')
(0.000) SELECT "locate_type"."id", "locate_type"."name" FROM "locate_type" WHERE "locate_type"."id" = 2 LIMIT 21; args=(2,)
(0.001) SELECT "django_session"."session_key", "django_session"."session_data", "django_session"."expire_date" FROM "django_session" WHERE ("django_session"."expire_date" > '2022-10-02 04:42:35.530233' AND "django_session"."session_key" = 'fh4kuedh8plszle1nu2do0uzcij4ur54') LIMIT 21; args=('2022-10-02 04:42:35.530233', 'fh4kuedh8plszle1nu2do0uzcij4ur54')
(0.000) SELECT "auth_user"."id", "auth_user"."password", "auth_user"."last_login", "auth_user"."is_superuser", "auth_user"."username", "auth_user"."first_name", "auth_user"."last_name", "auth_user"."email", "auth_user"."is_staff", "auth_user"."is_active", "auth_user"."date_joined" FROM "auth_user" WHERE "auth_user"."id" = 14 LIMIT 21; args=(14,)
(0.000) SELECT "locate_info"."id", "locate_info"."category_id", "locate_info"."name", "locate_info"."image", "locate_info"."description", "locate_info"."operating_hours", "locate_info"."latitude", "locate_info"."longitude", "locate_info"."address", "locate_info"."email", "locate_info"."phone" FROM "locate_info" LIMIT 21; args=()
(0.001) SELECT "django_session"."session_key", "django_session"."session_data", "django_session"."expire_date" FROM "django_session" WHERE ("django_session"."expire_date" > '2022-10-02 04:42:38.908832' AND "django_session"."session_key" = 'fh4kuedh8plszle1nu2do0uzcij4ur54') LIMIT 21; args=('2022-10-02 04:42:38.908832', 'fh4kuedh8plszle1nu2do0uzcij4ur54')
(0.001) SELECT "auth_user"."id", "auth_user"."password", "auth_user"."last_login", "auth_user"."is_superuser", "auth_user"."username", "auth_user"."first_name", "auth_user"."last_name", "auth_user"."email", "auth_user"."is_staff", "auth_user"."is_active", "auth_user"."date_joined" FROM "auth_user" WHERE "auth_user"."id" = 14 LIMIT 21; args=(14,)
(0.001) SELECT "locate_category"."id", "locate_category"."name" FROM "locate_category"; args=()
(0.000) SELECT "locate_info"."id", "locate_info"."category_id", "locate_info"."name", "locate_info"."image", "locate_info"."description", "locate_info"."operating_hours", "locate_info"."latitude", "locate_info"."longitude", "locate_info"."address", "locate_info"."email", "locate_info"."phone" FROM "locate_info"; args=()
(0.001) SELECT "locate_info"."id", "locate_info"."category_id", "locate_info"."name", "locate_info"."image", "locate_info"."description", "locate_info"."operating_hours", "locate_info"."latitude", "locate_info"."longitude", "locate_info"."address", "locate_info"."email", "locate_info"."phone" FROM "locate_info" INNER JOIN "locate_category" ON ("locate_info"."category_id" = "locate_category"."id") WHERE "locate_category"."name" = 'Terengganu' LIMIT 21; args=('Terengganu',)
(0.000) SELECT "django_session"."session_key", "django_session"."session_data", "django_session"."expire_date" FROM "django_session" WHERE ("django_session"."expire_date" > '2022-10-02 04:42:43.456198' AND "django_session"."session_key" = 'fh4kuedh8plszle1nu2do0uzcij4ur54') LIMIT 21; args=('2022-10-02 04:42:43.456198', 'fh4kuedh8plszle1nu2do0uzcij4ur54')
(0.000) SELECT "auth_user"."id", "auth_user"."password", "auth_user"."last_login", "auth_user"."is_superuser", "auth_user"."username", "auth_user"."first_name", "auth_user"."last_name", "auth_user"."email", "auth_user"."is_staff", "auth_user"."is_active", "auth_user"."date_joined" FROM "auth_user" WHERE "auth_user"."id" = 14 LIMIT 21; args=(14,)
(0.000) SELECT "locate_category"."id", "locate_category"."name" FROM "locate_category"; args=()
(0.000) SELECT "locate_info"."id", "locate_info"."category_id", "locate_info"."name", "locate_info"."image", "locate_info"."description", "locate_info"."operating_hours", "locate_info"."latitude", "locate_info"."longitude", "locate_info"."address", "locate_info"."email", "locate_info"."phone" FROM "locate_info" INNER JOIN "locate_category" ON ("locate_info"."category_id" = "locate_category"."id") WHERE "locate_category"."name" = 'Terengganu'; args=('Terengganu',)
(0.000) SELECT "locate_info"."id", "locate_info"."category_id", "locate_info"."name", "locate_info"."image", "locate_info"."description", "locate_info"."operating_hours", "locate_info"."latitude", "locate_info"."longitude", "locate_info"."address", "locate_info"."email", "locate_info"."phone" FROM "locate_info" WHERE "locate_info"."id" = 54 LIMIT 21; args=(54,)
(0.000) SELECT "locate_info"."id", "locate_info"."category_id", "locate_info"."name", "locate_info"."image", "locate_info"."description", "locate_info"."operating_hours", "locate_info"."latitude", "locate_info"."longitude", "locate_info"."address", "locate_info"."email", "locate_info"."phone" FROM "locate_info" LIMIT 1 OFFSET 52; args=()
(0.000) SELECT "locate_info"."id", "locate_info"."category_id", "locate_info"."name", "locate_info"."image", "locate_info"."description", "locate_info"."operating_hours", "locate_info"."latitude", "locate_info"."longitude", "locate_info"."address", "locate_info"."email", "locate_info"."phone" FROM "locate_info" WHERE "locate_info"."name" = 'Terengganu Recycle' LIMIT 21; args=('Terengganu Recycle',)
(0.001) SELECT "django_session"."session_key", "django_session"."session_data", "django_session"."expire_date" FROM "django_session" WHERE ("django_session"."expire_date" > '2022-10-02 04:42:46.283270' AND "django_session"."session_key" = 'fh4kuedh8plszle1nu2do0uzcij4ur54') LIMIT 21; args=('2022-10-02 04:42:46.283270', 'fh4kuedh8plszle1nu2do0uzcij4ur54')
(0.000) SELECT "auth_user"."id", "auth_user"."password", "auth_user"."last_login", "auth_user"."is_superuser", "auth_user"."username", "auth_user"."first_name", "auth_user"."last_name", "auth_user"."email", "auth_user"."is_staff", "auth_user"."is_active", "auth_user"."date_joined" FROM "auth_user" WHERE "auth_user"."id" = 14 LIMIT 21; args=(14,)
(0.001) SELECT "django_session"."session_key", "django_session"."session_data", "django_session"."expire_date" FROM "django_session" WHERE ("django_session"."expire_date" > '2022-10-02 04:42:53.241730' AND "django_session"."session_key" = 'fh4kuedh8plszle1nu2do0uzcij4ur54') LIMIT 21; args=('2022-10-02 04:42:53.241730', 'fh4kuedh8plszle1nu2do0uzcij4ur54')
(0.000) SELECT "auth_user"."id", "auth_user"."password", "auth_user"."last_login", "auth_user"."is_superuser", "auth_user"."username", "auth_user"."first_name", "auth_user"."last_name", "auth_user"."email", "auth_user"."is_staff", "auth_user"."is_active", "auth_user"."date_joined" FROM "auth_user" WHERE "auth_user"."id" = 14 LIMIT 21; args=(14,)
(0.000) SELECT "django_session"."session_key", "django_session"."session_data", "django_session"."expire_date" FROM "django_session" WHERE "django_session"."session_key" = 'fh4kuedh8plszle1nu2do0uzcij4ur54' LIMIT 21; args=('fh4kuedh8plszle1nu2do0uzcij4ur54',)
(0.006) DELETE FROM "django_session" WHERE "django_session"."session_key" IN ('fh4kuedh8plszle1nu2do0uzcij4ur54'); args=('fh4kuedh8plszle1nu2do0uzcij4ur54',)
(0.001) SELECT "auth_user"."id", "auth_user"."password", "auth_user"."last_login", "auth_user"."is_superuser", "auth_user"."username", "auth_user"."first_name", "auth_user"."last_name", "auth_user"."email", "auth_user"."is_staff", "auth_user"."is_active", "auth_user"."date_joined" FROM "auth_user" WHERE "auth_user"."username" = 'admin' LIMIT 21; args=('admin',)
(0.000) SELECT (1) AS "a" FROM "django_session" WHERE "django_session"."session_key" = '467s81fys6de2ub6bgp0arxv0l01f08s' LIMIT 1; args=('467s81fys6de2ub6bgp0arxv0l01f08s',)
(0.000) BEGIN; args=None
(0.000) INSERT INTO "django_session" ("session_key", "session_data", "expire_date") SELECT '467s81fys6de2ub6bgp0arxv0l01f08s', 'e30:1oeqoa:OjVTpf19O4WyraMEwwr4Cv04crHrLDm4yznXgF6PIzg', '2022-10-16 04:42:56.803503'; args=('467s81fys6de2ub6bgp0arxv0l01f08s', 'e30:1oeqoa:OjVTpf19O4WyraMEwwr4Cv04crHrLDm4yznXgF6PIzg', '2022-10-16 04:42:56.803503')
(0.003) UPDATE "auth_user" SET "last_login" = '2022-10-02 04:42:56.807206' WHERE "auth_user"."id" = 14; args=('2022-10-02 04:42:56.807206', 14)
(0.000) SELECT "users_profile"."id", "users_profile"."user_id", "users_profile"."image" FROM "users_profile" WHERE "users_profile"."user_id" = 14 LIMIT 21; args=(14,)
(0.004) UPDATE "users_profile" SET "user_id" = 14, "image" = 'profile_pics/pexels-pixabay-459653.jpg' WHERE "users_profile"."id" = 9; args=(14, 'profile_pics/pexels-pixabay-459653.jpg', 9)
(0.000) BEGIN; args=None
(0.000) UPDATE "django_session" SET "session_data" = '.eJxVjEEOwiAQRe_C2hCB0hGX7j0DmWEGqRpISrsy3l2bdKHb_977LxVxXUpcu8xxYnVWZlCH35EwPaRuhO9Yb02nVpd5Ir0peqddXxvL87K7fwcFe_nWJ49ksxAAQUafBh7A8eiDd5nBAiEGm9AEtHyUnJhAXEijNZCzZVHvDzBkOWA:1oeqoa:IzsS3Gkm7bPmoDwDnhu6e802XTg0BCbXFg_6hYz8tYo', "expire_date" = '2022-10-16 04:42:56.819471' WHERE "django_session"."session_key" = '467s81fys6de2ub6bgp0arxv0l01f08s'; args=('.eJxVjEEOwiAQRe_C2hCB0hGX7j0DmWEGqRpISrsy3l2bdKHb_977LxVxXUpcu8xxYnVWZlCH35EwPaRuhO9Yb02nVpd5Ir0peqddXxvL87K7fwcFe_nWJ49ksxAAQUafBh7A8eiDd5nBAiEGm9AEtHyUnJhAXEijNZCzZVHvDzBkOWA:1oeqoa:IzsS3Gkm7bPmoDwDnhu6e802XTg0BCbXFg_6hYz8tYo', '2022-10-16 04:42:56.819471', '467s81fys6de2ub6bgp0arxv0l01f08s')
(0.001) SELECT COUNT(*) AS "__count" FROM "opti_post"; args=()
(0.000) SELECT "django_session"."session_key", "django_session"."session_data", "django_session"."expire_date" FROM "django_session" WHERE ("django_session"."expire_date" > '2022-10-02 04:42:56.864923' AND "django_session"."session_key" = '467s81fys6de2ub6bgp0arxv0l01f08s') LIMIT 21; args=('2022-10-02 04:42:56.864923', '467s81fys6de2ub6bgp0arxv0l01f08s')
(0.000) SELECT "auth_user"."id", "auth_user"."password", "auth_user"."last_login", "auth_user"."is_superuser", "auth_user"."username", "auth_user"."first_name", "auth_user"."last_name", "auth_user"."email", "auth_user"."is_staff", "auth_user"."is_active", "auth_user"."date_joined" FROM "auth_user" WHERE "auth_user"."id" = 14 LIMIT 21; args=(14,)
(0.000) SELECT "opti_post"."id", "opti_post"."title", "opti_post"."content", "opti_post"."date_posted", "opti_post"."author_id", "opti_post"."video" FROM "opti_post" LIMIT 4; args=()
(0.000) SELECT "auth_user"."id", "auth_user"."password", "auth_user"."last_login", "auth_user"."is_superuser", "auth_user"."username", "auth_user"."first_name", "auth_user"."last_name", "auth_user"."email", "auth_user"."is_staff", "auth_user"."is_active", "auth_user"."date_joined" FROM "auth_user" WHERE "auth_user"."id" = 14 LIMIT 21; args=(14,)
(0.000) SELECT "auth_user"."id", "auth_user"."password", "auth_user"."last_login", "auth_user"."is_superuser", "auth_user"."username", "auth_user"."first_name", "auth_user"."last_name", "auth_user"."email", "auth_user"."is_staff", "auth_user"."is_active", "auth_user"."date_joined" FROM "auth_user" WHERE "auth_user"."id" = 14 LIMIT 21; args=(14,)
(0.000) SELECT "auth_user"."id", "auth_user"."password", "auth_user"."last_login", "auth_user"."is_superuser", "auth_user"."username", "auth_user"."first_name", "auth_user"."last_name", "auth_user"."email", "auth_user"."is_staff", "auth_user"."is_active", "auth_user"."date_joined" FROM "auth_user" WHERE "auth_user"."id" = 14 LIMIT 21; args=(14,)
(0.000) SELECT "auth_user"."id", "auth_user"."password", "auth_user"."last_login", "auth_user"."is_superuser", "auth_user"."username", "auth_user"."first_name", "auth_user"."last_name", "auth_user"."email", "auth_user"."is_staff", "auth_user"."is_active", "auth_user"."date_joined" FROM "auth_user" WHERE "auth_user"."id" = 14 LIMIT 21; args=(14,)
(0.001) SELECT "django_session"."session_key", "django_session"."session_data", "django_session"."expire_date" FROM "django_session" WHERE ("django_session"."expire_date" > '2022-10-02 04:43:01.300100' AND "django_session"."session_key" = '467s81fys6de2ub6bgp0arxv0l01f08s') LIMIT 21; args=('2022-10-02 04:43:01.300100', '467s81fys6de2ub6bgp0arxv0l01f08s')
(0.000) SELECT "auth_user"."id", "auth_user"."password", "auth_user"."last_login", "auth_user"."is_superuser", "auth_user"."username", "auth_user"."first_name", "auth_user"."last_name", "auth_user"."email", "auth_user"."is_staff", "auth_user"."is_active", "auth_user"."date_joined" FROM "auth_user" WHERE "auth_user"."id" = 14 LIMIT 21; args=(14,)
(0.000) SELECT "django_session"."session_key", "django_session"."session_data", "django_session"."expire_date" FROM "django_session" WHERE "django_session"."session_key" = '467s81fys6de2ub6bgp0arxv0l01f08s' LIMIT 21; args=('467s81fys6de2ub6bgp0arxv0l01f08s',)
(0.002) DELETE FROM "django_session" WHERE "django_session"."session_key" IN ('467s81fys6de2ub6bgp0arxv0l01f08s'); args=('467s81fys6de2ub6bgp0arxv0l01f08s',)
(0.000) SELECT (1) AS "a" FROM "auth_user" WHERE "auth_user"."username" = 'kentang' LIMIT 1; args=('kentang',)
(0.004) INSERT INTO "auth_user" ("password", "last_login", "is_superuser", "username", "first_name", "last_name", "email", "is_staff", "is_active", "date_joined") VALUES ('pbkdf2_sha256$260000$joj4w7WGqgPnVdgwI0c2xD$4Qiy3UmIvWYtugs2ALicnAXwwx/tfbVV8EGGKph23/I=', NULL, 0, 'kentang', '', '', 'kean@mail.com', 0, 1, '2022-10-02 04:43:24.177935'); args=['pbkdf2_sha256$260000$joj4w7WGqgPnVdgwI0c2xD$4Qiy3UmIvWYtugs2ALicnAXwwx/tfbVV8EGGKph23/I=', None, False, 'kentang', '', '', 'kean@mail.com', False, True, '2022-10-02 04:43:24.177935']
(0.002) INSERT INTO "users_profile" ("user_id", "image") VALUES (28, 'default.jpg'); args=[28, 'default.jpg']
(0.004) UPDATE "users_profile" SET "user_id" = 28, "image" = 'default.jpg' WHERE "users_profile"."id" = 23; args=(28, 'default.jpg', 23)
(0.001) SELECT "auth_user"."id", "auth_user"."password", "auth_user"."last_login", "auth_user"."is_superuser", "auth_user"."username", "auth_user"."first_name", "auth_user"."last_name", "auth_user"."email", "auth_user"."is_staff", "auth_user"."is_active", "auth_user"."date_joined" FROM "auth_user" WHERE "auth_user"."username" = 'kentang' LIMIT 21; args=('kentang',)
(0.000) SELECT (1) AS "a" FROM "django_session" WHERE "django_session"."session_key" = 'r0kp6w9nxdk505f2zpkkme9px21btaru' LIMIT 1; args=('r0kp6w9nxdk505f2zpkkme9px21btaru',)
(0.000) BEGIN; args=None
(0.000) INSERT INTO "django_session" ("session_key", "session_data", "expire_date") SELECT 'r0kp6w9nxdk505f2zpkkme9px21btaru', 'e30:1oeqpE:VeU4BoFoy0muSj2OW7muul7CidJI21jXRmEwLQcYEa4', '2022-10-16 04:43:36.168909'; args=('r0kp6w9nxdk505f2zpkkme9px21btaru', 'e30:1oeqpE:VeU4BoFoy0muSj2OW7muul7CidJI21jXRmEwLQcYEa4', '2022-10-16 04:43:36.168909')
(0.004) UPDATE "auth_user" SET "last_login" = '2022-10-02 04:43:36.172609' WHERE "auth_user"."id" = 28; args=('2022-10-02 04:43:36.172609', 28)
(0.000) SELECT "users_profile"."id", "users_profile"."user_id", "users_profile"."image" FROM "users_profile" WHERE "users_profile"."user_id" = 28 LIMIT 21; args=(28,)
(0.002) UPDATE "users_profile" SET "user_id" = 28, "image" = 'default.jpg' WHERE "users_profile"."id" = 23; args=(28, 'default.jpg', 23)
(0.000) BEGIN; args=None
(0.000) UPDATE "django_session" SET "session_data" = '.eJxVjMsOwiAQAP-FsyGU8vTo3W8gu-wiVUOT0p6M_25qetDrzGReIsG21rR1XtJE4ix0EKdfiJAf3HZDd2i3Wea5rcuEck_kYbu8zsTPy9H-DSr0-v16bdih8UVRHgk5emUZADWD0mS9YxyjsTGakAcTS8gAjMRqMKo48f4AGKY4nQ:1oeqpE:q-qvh9iqFszz0pTxRH0NGTpJI4EU-iUdbotEk5aAKXE', "expire_date" = '2022-10-16 04:43:36.183064' WHERE "django_session"."session_key" = 'r0kp6w9nxdk505f2zpkkme9px21btaru'; args=('.eJxVjMsOwiAQAP-FsyGU8vTo3W8gu-wiVUOT0p6M_25qetDrzGReIsG21rR1XtJE4ix0EKdfiJAf3HZDd2i3Wea5rcuEck_kYbu8zsTPy9H-DSr0-v16bdih8UVRHgk5emUZADWD0mS9YxyjsTGakAcTS8gAjMRqMKo48f4AGKY4nQ:1oeqpE:q-qvh9iqFszz0pTxRH0NGTpJI4EU-iUdbotEk5aAKXE', '2022-10-16 04:43:36.183064', 'r0kp6w9nxdk505f2zpkkme9px21btaru')
(0.001) SELECT COUNT(*) AS "__count" FROM "opti_post"; args=()
(0.000) SELECT "django_session"."session_key", "django_session"."session_data", "django_session"."expire_date" FROM "django_session" WHERE ("django_session"."expire_date" > '2022-10-02 04:43:36.217091' AND "django_session"."session_key" = 'r0kp6w9nxdk505f2zpkkme9px21btaru') LIMIT 21; args=('2022-10-02 04:43:36.217091', 'r0kp6w9nxdk505f2zpkkme9px21btaru')
(0.000) SELECT "auth_user"."id", "auth_user"."password", "auth_user"."last_login", "auth_user"."is_superuser", "auth_user"."username", "auth_user"."first_name", "auth_user"."last_name", "auth_user"."email", "auth_user"."is_staff", "auth_user"."is_active", "auth_user"."date_joined" FROM "auth_user" WHERE "auth_user"."id" = 28 LIMIT 21; args=(28,)
(0.000) SELECT "opti_post"."id", "opti_post"."title", "opti_post"."content", "opti_post"."date_posted", "opti_post"."author_id", "opti_post"."video" FROM "opti_post" LIMIT 4; args=()
(0.000) SELECT "auth_user"."id", "auth_user"."password", "auth_user"."last_login", "auth_user"."is_superuser", "auth_user"."username", "auth_user"."first_name", "auth_user"."last_name", "auth_user"."email", "auth_user"."is_staff", "auth_user"."is_active", "auth_user"."date_joined" FROM "auth_user" WHERE "auth_user"."id" = 14 LIMIT 21; args=(14,)
(0.000) SELECT "auth_user"."id", "auth_user"."password", "auth_user"."last_login", "auth_user"."is_superuser", "auth_user"."username", "auth_user"."first_name", "auth_user"."last_name", "auth_user"."email", "auth_user"."is_staff", "auth_user"."is_active", "auth_user"."date_joined" FROM "auth_user" WHERE "auth_user"."id" = 14 LIMIT 21; args=(14,)
(0.000) SELECT "auth_user"."id", "auth_user"."password", "auth_user"."last_login", "auth_user"."is_superuser", "auth_user"."username", "auth_user"."first_name", "auth_user"."last_name", "auth_user"."email", "auth_user"."is_staff", "auth_user"."is_active", "auth_user"."date_joined" FROM "auth_user" WHERE "auth_user"."id" = 14 LIMIT 21; args=(14,)
(0.000) SELECT "auth_user"."id", "auth_user"."password", "auth_user"."last_login", "auth_user"."is_superuser", "auth_user"."username", "auth_user"."first_name", "auth_user"."last_name", "auth_user"."email", "auth_user"."is_staff", "auth_user"."is_active", "auth_user"."date_joined" FROM "auth_user" WHERE "auth_user"."id" = 14 LIMIT 21; args=(14,)
